Build started 16/03/2016 19:46:30.
     1>Project "C:\Users\ziv\Desktop\Exer3\project.vcxproj" on node 2 (Rebuild target(s)).
     1>ClCompile:
         C:\Program Files (x86)\Microsoft Visual Studio 12.0\VC\bin\CL.exe /c /ZI /nologo /W3 /WX- /Od /Oy- /D WIN32 /D _DEBUG /D _CONSOLE /D _LIB /D _UNICODE /D UNICODE /Gm /EHsc /RTC1 /MDd /GS /fp:precise /Zc:wchar_t /Zc:forScope /Fo"Debug\\" /Fd"Debug\vc120.pdb" /Gd /TP /analyze- /errorReport:prompt Lable.cpp main.cpp myLine.cpp
         myLine.cpp
         main.cpp
     1>c:\users\ziv\desktop\exer3\main.cpp(66): warning C4244: 'argument' : conversion from 'DWORD' to 'WORD', possible loss of data
     1>c:\users\ziv\desktop\exer3\main.cpp(164): warning C4244: 'argument' : conversion from 'DWORD' to 'WORD', possible loss of data
     1>c:\users\ziv\desktop\exer3\main.cpp(179): warning C4244: 'argument' : conversion from 'DWORD' to 'WORD', possible loss of data
     1>c:\users\ziv\desktop\exer3\main.cpp(194): warning C4244: 'argument' : conversion from 'DWORD' to 'WORD', possible loss of data
     1>c:\users\ziv\desktop\exer3\main.cpp(209): warning C4244: 'argument' : conversion from 'DWORD' to 'WORD', possible loss of data
         Lable.cpp
     1>c:\users\ziv\desktop\exer3\lable.cpp(13): warning C4244: 'argument' : conversion from 'DWORD' to 'WORD', possible loss of data
     1>c:\users\ziv\desktop\exer3\lable.cpp(32): warning C4244: 'argument' : conversion from 'DWORD' to 'WORD', possible loss of data
         Generating Code...
       Link:
         C:\Program Files (x86)\Microsoft Visual Studio 12.0\VC\bin\link.exe /ERRORREPORT:PROMPT /OUT:"C:\Users\ziv\Desktop\Exer3\Debug\project.exe" /INCREMENTAL /NOLOGO kernel32.lib user32.lib gdi32.lib winspool.lib comdlg32.lib advapi32.lib shell32.lib ole32.lib oleaut32.lib uuid.lib odbc32.lib odbccp32.lib /MANIFEST /MANIFESTUAC:"level='asInvoker' uiAccess='false'" /manifest:embed /DEBUG /PDB:"C:\Users\ziv\Desktop\Exer3\Debug\project.pdb" /SUBSYSTEM:CONSOLE /TLBID:1 /DYNAMICBASE /NXCOMPAT /IMPLIB:"C:\Users\ziv\Desktop\Exer3\Debug\project.lib" /MACHINE:X86 Debug\Lable.obj
         Debug\main.obj
         Debug\myLine.obj
         project.vcxproj -> C:\Users\ziv\Desktop\Exer3\Debug\project.exe
     1>Done Building Project "C:\Users\ziv\Desktop\Exer3\project.vcxproj" (Rebuild target(s)).

Build succeeded.

Time Elapsed 00:00:01.74
